<?xml version="1.0" encoding="UTF-8"?>
<coverage generated="1678042791">
  <project timestamp="1678042791">
    <file name="/var/www/html/src/Controller/DatabaseController.php">
      <class name="redcathedral\phpMySQLAdminrest\Controller\DatabaseController" namespace="global">
        <metrics complexity="3" methods="3" coveredmethods="2" conditionals="0" coveredconditionals="0" statements="5" coveredstatements="2" elements="8" coveredelements="4"/>
      </class>
      <line num="14" type="method" name="__construct" visibility="public" complexity="1" crap="1" count="1"/>
      <line num="15" type="stmt" count="1"/>
      <line num="26" type="method" name="listDatabases" visibility="public" complexity="1" crap="2" count="0"/>
      <line num="27" type="stmt" count="0"/>
      <line num="28" type="stmt" count="0"/>
      <line num="29" type="stmt" count="0"/>
      <line num="39" type="method" name="listDatabasesAsJson" visibility="public" complexity="1" crap="1" count="1"/>
      <line num="40" type="stmt" count="1"/>
      <metrics loc="43" ncloc="29" classes="1" methods="3" coveredmethods="2" conditionals="0" coveredconditionals="0" statements="5" coveredstatements="2" elements="8" coveredelements="4"/>
    </file>
    <file name="/var/www/html/src/Middleware/AuthMiddleware.php">
      <class name="redcathedral\phpMySQLAdminrest\Middleware\AuthMiddleware" namespace="global">
        <metrics complexity="3" methods="2" coveredmethods="1" conditionals="0" coveredconditionals="0" statements="4" coveredstatements="3" elements="6" coveredelements="4"/>
      </class>
      <line num="15" type="method" name="__construct" visibility="public" complexity="1" crap="1" count="1"/>
      <line num="16" type="stmt" count="1"/>
      <line num="22" type="method" name="process" visibility="public" complexity="2" crap="2.15" count="1"/>
      <line num="30" type="stmt" count="1"/>
      <line num="31" type="stmt" count="1"/>
      <line num="37" type="stmt" count="0"/>
      <metrics loc="40" ncloc="30" classes="1" methods="2" coveredmethods="1" conditionals="0" coveredconditionals="0" statements="4" coveredstatements="3" elements="6" coveredelements="4"/>
    </file>
    <file name="/var/www/html/src/MySQLAdmin.php">
      <class name="redcathedral\phpMySQLAdminrest\MySQLAdmin" namespace="global">
        <metrics complexity="11" methods="7" coveredmethods="6" conditionals="0" coveredconditionals="0" statements="22" coveredstatements="20" elements="29" coveredelements="26"/>
      </class>
      <line num="10" type="method" name="__construct" visibility="public" complexity="1" crap="1" count="5"/>
      <line num="12" type="stmt" count="5"/>
      <line num="15" type="method" name="__destruct" visibility="public" complexity="2" crap="6" count="0"/>
      <line num="17" type="stmt" count="0"/>
      <line num="18" type="stmt" count="0"/>
      <line num="21" type="method" name="createDatabase" visibility="public" complexity="1" crap="1" count="1"/>
      <line num="23" type="stmt" count="1"/>
      <line num="24" type="stmt" count="1"/>
      <line num="27" type="method" name="hasDatabase" visibility="public" complexity="2" crap="2" count="2"/>
      <line num="29" type="stmt" count="2"/>
      <line num="30" type="stmt" count="2"/>
      <line num="32" type="stmt" count="2"/>
      <line num="33" type="stmt" count="2"/>
      <line num="34" type="stmt" count="2"/>
      <line num="37" type="stmt" count="2"/>
      <line num="40" type="method" name="deleteDatabase" visibility="public" complexity="1" crap="1" count="1"/>
      <line num="42" type="stmt" count="1"/>
      <line num="43" type="stmt" count="1"/>
      <line num="46" type="method" name="listDatabases" visibility="public" complexity="3" crap="3" count="2"/>
      <line num="48" type="stmt" count="2"/>
      <line num="49" type="stmt" count="2"/>
      <line num="51" type="stmt" count="2"/>
      <line num="52" type="stmt" count="2"/>
      <line num="54" type="stmt" count="2"/>
      <line num="57" type="stmt" count="2"/>
      <line num="60" type="stmt" count="2"/>
      <line num="64" type="method" name="close" visibility="public" complexity="1" crap="1" count="4"/>
      <line num="66" type="stmt" count="4"/>
      <line num="67" type="stmt" count="4"/>
      <metrics loc="70" ncloc="70" classes="1" methods="7" coveredmethods="6" conditionals="0" coveredconditionals="0" statements="22" coveredstatements="20" elements="29" coveredelements="26"/>
    </file>
    <file name="/var/www/html/src/Providers/MySQLConfigurationBootableProvider.php">
      <class name="redcathedral\phpMySQLAdminrest\Providers\MySQLConfigurationBootableProvider" namespace="global">
        <metrics complexity="4" methods="4" coveredmethods="4" conditionals="0" coveredconditionals="0" statements="10" coveredstatements="10" elements="14" coveredelements="14"/>
      </class>
      <line num="14" type="method" name="__construct" visibility="public" complexity="1" crap="1" count="1"/>
      <line num="16" type="stmt" count="1"/>
      <line num="19" type="method" name="boot" visibility="public" complexity="1" crap="1" count="1"/>
      <line num="21" type="stmt" count="1"/>
      <line num="23" type="stmt" count="1"/>
      <line num="24" type="stmt" count="1"/>
      <line num="25" type="stmt" count="1"/>
      <line num="28" type="method" name="provides" visibility="public" complexity="1" crap="1" count="5"/>
      <line num="30" type="stmt" count="5"/>
      <line num="31" type="stmt" count="5"/>
      <line num="32" type="stmt" count="5"/>
      <line num="34" type="stmt" count="5"/>
      <line num="37" type="method" name="register" visibility="public" complexity="1" crap="1" count="1"/>
      <line num="39" type="stmt" count="1"/>
      <metrics loc="42" ncloc="42" classes="1" methods="4" coveredmethods="4" conditionals="0" coveredconditionals="0" statements="10" coveredstatements="10" elements="14" coveredelements="14"/>
    </file>
    <file name="/var/www/html/src/Providers/RouterConfigurationProvider.php">
      <class name="redcathedral\phpMySQLAdminrest\Providers\RouterConfigurationProvider" namespace="global">
        <metrics complexity="2" methods="2" coveredmethods="2" conditionals="0" coveredconditionals="0" statements="14" coveredstatements="14" elements="16" coveredelements="16"/>
      </class>
      <line num="11" type="method" name="provides" visibility="public" complexity="1" crap="1" count="5"/>
      <line num="13" type="stmt" count="5"/>
      <line num="14" type="stmt" count="5"/>
      <line num="15" type="stmt" count="5"/>
      <line num="17" type="stmt" count="5"/>
      <line num="20" type="method" name="register" visibility="public" complexity="1" crap="1" count="1"/>
      <line num="22" type="stmt" count="1"/>
      <line num="25" type="stmt" count="1"/>
      <line num="26" type="stmt" count="1"/>
      <line num="28" type="stmt" count="1"/>
      <line num="29" type="stmt" count="1"/>
      <line num="30" type="stmt" count="1"/>
      <line num="33" type="stmt" count="1"/>
      <line num="34" type="stmt" count="1"/>
      <line num="35" type="stmt" count="1"/>
      <line num="38" type="stmt" count="1"/>
      <metrics loc="41" ncloc="38" classes="1" methods="2" coveredmethods="2" conditionals="0" coveredconditionals="0" statements="14" coveredstatements="14" elements="16" coveredelements="16"/>
    </file>
    <metrics files="5" loc="236" ncloc="209" classes="5" methods="18" coveredmethods="15" conditionals="0" coveredconditionals="0" statements="55" coveredstatements="49" elements="73" coveredelements="64"/>
  </project>
</coverage>
